0 info it worked if it ends with ok
1 verbose cli [ '/usr/bin/nodejs', '/usr/bin/npm', 'update', 'npm', '-g' ]
2 info using npm@1.4.21
3 info using node@v0.10.25
4 verbose request where is /npm
5 verbose request registry https://registry.npmjs.org/
6 verbose request id cb4fd8a433051247
7 verbose url raw /npm
8 verbose url resolving [ 'https://registry.npmjs.org/', './npm' ]
9 verbose url resolved https://registry.npmjs.org/npm
10 verbose request where is https://registry.npmjs.org/npm
11 info trying registry request attempt 1 at 07:14:18
12 http GET https://registry.npmjs.org/npm
13 http 200 https://registry.npmjs.org/npm
14 silly registry.get cb [ 200,
14 silly registry.get   { server: 'nginx/1.10.1',
14 silly registry.get     'content-type': 'application/json',
14 silly registry.get     'last-modified': 'Mon, 27 Mar 2017 20:12:13 GMT',
14 silly registry.get     etag: 'W/"58d9721d-5ff44e"',
14 silly registry.get     'content-encoding': 'gzip',
14 silly registry.get     'cache-control': 'max-age=300',
14 silly registry.get     'content-length': '438859',
14 silly registry.get     'accept-ranges': 'bytes',
14 silly registry.get     date: 'Sun, 09 Apr 2017 14:14:18 GMT',
14 silly registry.get     via: '1.1 varnish',
14 silly registry.get     age: '53',
14 silly registry.get     connection: 'keep-alive',
14 silly registry.get     'x-served-by': 'cache-sjc3145-SJC',
14 silly registry.get     'x-cache': 'HIT',
14 silly registry.get     'x-cache-hits': '1',
14 silly registry.get     'x-timer': 'S1491747258.285479,VS0,VE3',
14 silly registry.get     vary: 'Accept-Encoding' } ]
15 info outdated updating [ [ '/usr/local/lib', 'npm', '4.2.0', '4.4.4', '4.4.4', 'latest' ] ]
16 verbose install where,what [ '/usr/local/lib', [ 'npm@4.4.4' ] ]
17 verbose cache add [ 'npm@4.4.4', null ]
18 verbose cache add name=undefined spec="npm@4.4.4" args=["npm@4.4.4",null]
19 verbose parsed url { protocol: null,
19 verbose parsed url   slashes: null,
19 verbose parsed url   auth: null,
19 verbose parsed url   host: null,
19 verbose parsed url   port: null,
19 verbose parsed url   hostname: null,
19 verbose parsed url   hash: null,
19 verbose parsed url   search: null,
19 verbose parsed url   query: null,
19 verbose parsed url   pathname: 'npm@4.4.4',
19 verbose parsed url   path: 'npm@4.4.4',
19 verbose parsed url   href: 'npm@4.4.4' }
20 verbose cache add name="npm" spec="4.4.4" args=["npm","4.4.4"]
21 verbose parsed url { protocol: null,
21 verbose parsed url   slashes: null,
21 verbose parsed url   auth: null,
21 verbose parsed url   host: null,
21 verbose parsed url   port: null,
21 verbose parsed url   hostname: null,
21 verbose parsed url   hash: null,
21 verbose parsed url   search: null,
21 verbose parsed url   query: null,
21 verbose parsed url   pathname: '4.4.4',
21 verbose parsed url   path: '4.4.4',
21 verbose parsed url   href: '4.4.4' }
22 verbose addNamed [ 'npm', '4.4.4' ]
23 verbose addNamed [ '4.4.4', '4.4.4' ]
24 silly lockFile 03378836-npm-4-4-4 npm@4.4.4
25 verbose lock npm@4.4.4 /home/peter/.npm/03378836-npm-4-4-4.lock
26 verbose registry.get https://registry.npmjs.org/npm not expired, no request
27 silly lockFile d8e72f93-stry-npmjs-org-npm-npm-4-4-4-tgz https://registry.npmjs.org/npm/-/npm-4.4.4.tgz
28 verbose lock https://registry.npmjs.org/npm/-/npm-4.4.4.tgz /home/peter/.npm/d8e72f93-stry-npmjs-org-npm-npm-4-4-4-tgz.lock
29 verbose addRemoteTarball [ 'https://registry.npmjs.org/npm/-/npm-4.4.4.tgz',
29 verbose addRemoteTarball   'd5ec661923a06bcd6a6eec3d0433a9da3fd67e37' ]
30 info retry fetch attempt 1 at 07:14:19
31 verbose fetch to= /tmp/npm-60070-Lph2urmp/registry.npmjs.org/npm/-/npm-4.4.4.tgz
32 http GET https://registry.npmjs.org/npm/-/npm-4.4.4.tgz
33 http 200 https://registry.npmjs.org/npm/-/npm-4.4.4.tgz
34 silly lockFile d8e72f93-stry-npmjs-org-npm-npm-4-4-4-tgz https://registry.npmjs.org/npm/-/npm-4.4.4.tgz
35 silly lockFile d8e72f93-stry-npmjs-org-npm-npm-4-4-4-tgz https://registry.npmjs.org/npm/-/npm-4.4.4.tgz
36 silly lockFile 03378836-npm-4-4-4 npm@4.4.4
37 silly lockFile 03378836-npm-4-4-4 npm@4.4.4
38 silly resolved [ { version: '4.4.4',
38 silly resolved     name: 'npm',
38 silly resolved     description: 'a package manager for JavaScript',
38 silly resolved     keywords: [ 'install', 'modules', 'package manager', 'package.json' ],
38 silly resolved     preferGlobal: true,
38 silly resolved     config: { publishtest: false },
38 silly resolved     homepage: 'https://docs.npmjs.com/',
38 silly resolved     author:
38 silly resolved      { name: 'Isaac Z. Schlueter',
38 silly resolved        email: 'i@izs.me',
38 silly resolved        url: 'http://blog.izs.me' },
38 silly resolved     repository: { type: 'git', url: 'git+https://github.com/npm/npm.git' },
38 silly resolved     bugs: { url: 'https://github.com/npm/npm/issues' },
38 silly resolved     directories: { bin: './bin', doc: './doc', lib: './lib', man: './man' },
38 silly resolved     main: './lib/npm.js',
38 silly resolved     bin: { npm: './bin/npm-cli.js' },
38 silly resolved     dependencies:
38 silly resolved      { JSONStream: '~1.3.1',
38 silly resolved        abbrev: '~1.1.0',
38 silly resolved        'ansi-regex': '~2.1.1',
38 silly resolved        ansicolors: '~0.3.2',
38 silly resolved        ansistyles: '~0.1.3',
38 silly resolved        aproba: '~1.1.1',
38 silly resolved        archy: '~1.0.0',
38 silly resolved        asap: '~2.0.5',
38 silly resolved        bluebird: '~3.5.0',
38 silly resolved        'call-limit': '~1.1.0',
38 silly resolved        chownr: '~1.0.1',
38 silly resolved        'cmd-shim': '~2.0.2',
38 silly resolved        columnify: '~1.5.4',
38 silly resolved        'config-chain': '~1.1.11',
38 silly resolved        dezalgo: '~1.0.3',
38 silly resolved        editor: '~1.0.0',
38 silly resolved        'fs-vacuum': '~1.2.10',
38 silly resolved        'fs-write-stream-atomic': '~1.0.10',
38 silly resolved        fstream: '~1.0.11',
38 silly resolved        'fstream-npm': '~1.2.0',
38 silly resolved        glob: '~7.1.1',
38 silly resolved        'graceful-fs': '~4.1.11',
38 silly resolved        'has-unicode': '~2.0.1',
38 silly resolved        'hosted-git-info': '~2.2.0',
38 silly resolved        iferr: '~0.1.5',
38 silly resolved        inflight: '~1.0.6',
38 silly resolved        inherits: '~2.0.3',
38 silly resolved        ini: '~1.3.4',
38 silly resolved        'init-package-json': '~1.9.5',
38 silly resolved        'lazy-property': '~1.0.0',
38 silly resolved        lockfile: '~1.0.3',
38 silly resolved        'lodash._baseuniq': '~4.6.0',
38 silly resolved        'lodash.clonedeep': '~4.5.0',
38 silly resolved        'lodash.union': '~4.6.0',
38 silly resolved        'lodash.uniq': '~4.5.0',
38 silly resolved        'lodash.without': '~4.4.0',
38 silly resolved        mississippi: '~1.3.0',
38 silly resolved        mkdirp: '~0.5.1',
38 silly resolved        'move-concurrently': '~1.0.1',
38 silly resolved        'node-gyp': '~3.5.0',
38 silly resolved        nopt: '~4.0.1',
38 silly resolved        'normalize-git-url': '~3.0.2',
38 silly resolved        'normalize-package-data': '~2.3.6',
38 silly resolved        'npm-cache-filename': '~1.0.2',
38 silly resolved        'npm-install-checks': '~3.0.0',
38 silly resolved        'npm-package-arg': '~4.2.1',
38 silly resolved        'npm-registry-client': '~7.4.6',
38 silly resolved        'npm-user-validate': '~0.1.5',
38 silly resolved        npmlog: '~4.0.2',
38 silly resolved        once: '~1.4.0',
38 silly resolved        opener: '~1.4.3',
38 silly resolved        osenv: '~0.1.4',
38 silly resolved        'path-is-inside': '~1.0.2',
38 silly resolved        read: '~1.0.7',
38 silly resolved        'read-cmd-shim': '~1.0.1',
38 silly resolved        'read-installed': '~4.0.3',
38 silly resolved        'read-package-json': '~2.0.5',
38 silly resolved        'read-package-tree': '~5.1.5',
38 silly resolved        'readable-stream': '~2.2.3',
38 silly resolved        'realize-package-specifier': '~3.0.3',
38 silly resolved        request: '~2.81.0',
38 silly resolved        retry: '~0.10.1',
38 silly resolved        rimraf: '~2.6.1',
38 silly resolved        semver: '~5.3.0',
38 silly resolved        sha: '~2.0.1',
38 silly resolved        slide: '~1.1.6',
38 silly resolved        'sorted-object': '~2.0.1',
38 silly resolved        'sorted-union-stream': '~2.1.3',
38 silly resolved        'strip-ansi': '~3.0.1',
38 silly resolved        tar: '~2.2.1',
38 silly resolved        'text-table': '~0.2.0',
38 silly resolved        'uid-number': '0.0.6',
38 silly resolved        umask: '~1.1.0',
38 silly resolved        'unique-filename': '~1.1.0',
38 silly resolved        unpipe: '~1.0.0',
38 silly resolved        'update-notifier': '~2.1.0',
38 silly resolved        uuid: '~3.0.1',
38 silly resolved        'validate-npm-package-name': '~3.0.0',
38 silly resolved        which: '~1.2.12',
38 silly resolved        wrappy: '~1.0.2',
38 silly resolved        'write-file-atomic': '~1.3.1',
38 silly resolved        debuglog: '*',
38 silly resolved        imurmurhash: '*',
38 silly resolved        'lodash._baseindexof': '*',
38 silly resolved        'lodash._bindcallback': '*',
38 silly resolved        'lodash._cacheindexof': '*',
38 silly resolved        'lodash._createcache': '*',
38 silly resolved        'lodash._getnative': '*',
38 silly resolved        'lodash.restparam': '*',
38 silly resolved        'readdir-scoped-modules': '*',
38 silly resolved        'validate-npm-package-license': '*' },
38 silly resolved     bundleDependencies:
38 silly resolved      [ 'abbrev',
38 silly resolved        'ansi-regex',
38 silly resolved        'ansicolors',
38 silly resolved        'ansistyles',
38 silly resolved        'aproba',
38 silly resolved        'archy',
38 silly resolved        'asap',
38 silly resolved        'call-limit',
38 silly resolved        'bluebird',
38 silly resolved        'chownr',
38 silly resolved        'cmd-shim',
38 silly resolved        'columnify',
38 silly resolved        'config-chain',
38 silly resolved        'debuglog',
38 silly resolved        'dezalgo',
38 silly resolved        'editor',
38 silly resolved        'fs-vacuum',
38 silly resolved        'fs-write-stream-atomic',
38 silly resolved        'fstream',
38 silly resolved        'fstream-npm',
38 silly resolved        'glob',
38 silly resolved        'graceful-fs',
38 silly resolved        'has-unicode',
38 silly resolved        'hosted-git-info',
38 silly resolved        'iferr',
38 silly resolved        'imurmurhash',
38 silly resolved        'inflight',
38 silly resolved        'inherits',
38 silly resolved        'ini',
38 silly resolved        'init-package-json',
38 silly resolved        'JSONStream',
38 silly resolved        'lazy-property',
38 silly resolved        'lockfile',
38 silly resolved        'lodash._baseindexof',
38 silly resolved        'lodash._baseuniq',
38 silly resolved        'lodash._bindcallback',
38 silly resolved        'lodash._cacheindexof',
38 silly resolved        'lodash._createcache',
38 silly resolved        'lodash._getnative',
38 silly resolved        'lodash.clonedeep',
38 silly resolved        'lodash.restparam',
38 silly resolved        'lodash.union',
38 silly resolved        'lodash.uniq',
38 silly resolved        'lodash.without',
38 silly resolved        'mkdirp',
38 silly resolved        'mississippi',
38 silly resolved        'move-concurrently',
38 silly resolved        'node-gyp',
38 silly resolved        'nopt',
38 silly resolved        'normalize-git-url',
38 silly resolved        'normalize-package-data',
38 silly resolved        'npm-cache-filename',
38 silly resolved        'npm-install-checks',
38 silly resolved        'npm-package-arg',
38 silly resolved        'npm-registry-client',
38 silly resolved        'npm-user-validate',
38 silly resolved        'npmlog',
38 silly resolved        'once',
38 silly resolved        'opener',
38 silly resolved        'osenv',
38 silly resolved        'path-is-inside',
38 silly resolved        'read',
38 silly resolved        'read-cmd-shim',
38 silly resolved        'read-installed',
38 silly resolved        'read-package-json',
38 silly resolved        'read-package-tree',
38 silly resolved        'readable-stream',
38 silly resolved        'readdir-scoped-modules',
38 silly resolved        'realize-package-specifier',
38 silly resolved        'request',
38 silly resolved        'retry',
38 silly resolved        'rimraf',
38 silly resolved        'semver',
38 silly resolved        'sha',
38 silly resolved        'slide',
38 silly resolved        'sorted-object',
38 silly resolved        'sorted-union-stream',
38 silly resolved        'strip-ansi',
38 silly resolved        'tar',
38 silly resolved        'text-table',
38 silly resolved        'uid-number',
38 silly resolved        'umask',
38 silly resolved        'unique-filename',
38 silly resolved        'unpipe',
38 silly resolved        'update-notifier',
38 silly resolved        'uuid',
38 silly resolved        'validate-npm-package-license',
38 silly resolved        'validate-npm-package-name',
38 silly resolved        'which',
38 silly resolved        'wrappy',
38 silly resolved        'write-file-atomic' ],
38 silly resolved     devDependencies:
38 silly resolved      { 'deep-equal': '~1.0.1',
38 silly resolved        marked: '~0.3.6',
38 silly resolved        'marked-man': '~0.2.0',
38 silly resolved        'npm-registry-couchapp': '~2.6.12',
38 silly resolved        'npm-registry-mock': '~1.1.0',
38 silly resolved        'require-inject': '~1.4.0',
38 silly resolved        'sprintf-js': '~1.0.3',
38 silly resolved        standard: '~6.0.8',
38 silly resolved        tacks: '~1.2.6',
38 silly resolved        tap: '~10.3.0' },
38 silly resolved     scripts:
38 silly resolved      { dumpconf: 'env | grep npm | sort | uniq',
38 silly resolved        prepare: 'node bin/npm-cli.js prune --prefix=. --no-global && rimraf test/*/*/node_modules && make -j4 doc',
38 silly resolved        preversion: 'bash scripts/update-authors.sh && git add AUTHORS && git commit -m "update AUTHORS" || true',
38 silly resolved        tap: 'tap --timeout 300',
38 silly resolved        'tap-cover': 'tap --nyc-arg=\'--cache\' --coverage --timeout 600',
38 silly resolved        test: 'standard && npm run test-tap',
38 silly resolved        'test-coverage': 'npm run tap-cover -- "test/tap/*.js" "test/network/*.js" "test/broken-under-*/*.js"',
38 silly resolved        'test-tap': 'npm run tap -- "test/tap/*.js" "test/network/*.js" "test/broken-under-*/*.js"',
38 silly resolved        'test-node': 'tap --timeout 240 "test/tap/*.js" "test/network/*.js" "test/broken-under-nyc*/*.js"' },
38 silly resolved     license: 'Artistic-2.0',
38 silly resolved     contributors:
38 silly resolved      [ [Object],
38 silly resolved        [Object],
38 silly resolved        [Object],
38 silly resolved        [Object],
38 silly resolved        [Object],
38 silly resolved        [Object],
38 silly resolved        [Object],
38 silly resolved        [Object],
38 silly resolved        [Object],
38 silly resolved        [Object],
38 silly resolved        [Object],
38 silly resolved        [Object],
38 silly resolved        [Object],
38 silly resolved        [Object],
38 silly resolved        [Object],
38 silly resolved        [Object],
38 silly resolved        [Object],
38 silly resolved        [Object],
38 silly resolved        [Object],
38 silly resolved        [Object],
38 silly resolved        [Object],
38 silly resolved        [Object],
38 silly resolved        [Object],
38 silly resolved        [Object],
38 silly resolved        [Object],
38 silly resolved        [Object],
38 silly resolved        [Object],
38 silly resolved        [Object],
38 silly resolved        [Object],
38 silly resolved        [Object],
38 silly resolved        [Object],
38 silly resolved        [Object],
38 silly resolved        [Object],
38 silly resolved        [Object],
38 silly resolved        [Object],
38 silly resolved        [Object],
38 silly resolved        [Object],
38 silly resolved        [Object],
38 silly resolved        [Object],
38 silly resolved        [Object],
38 silly resolved        [Object],
38 silly resolved        [Object],
38 silly resolved        [Object],
38 silly resolved        [Object],
38 silly resolved        [Object],
38 silly resolved        [Object],
38 silly resolved        [Object],
38 silly resolved        [Object],
38 silly resolved        [Object],
38 silly resolved        [Object],
38 silly resolved        [Object],
38 silly resolved        [Object],
38 silly resolved        [Object],
38 silly resolved        [Object],
38 silly resolved        [Object],
38 silly resolved        [Object],
38 silly resolved        [Object],
38 silly resolved        [Object],
38 silly resolved        [Object],
38 silly resolved        [Object],
38 silly resolved        [Object],
38 silly resolved        [Object],
38 silly resolved        [Object],
38 silly resolved        [Object],
38 silly resolved        [Object],
38 silly resolved        [Object],
38 silly resolved        [Object],
38 silly resolved        [Object],
38 silly resolved        [Object],
38 silly resolved        [Object],
38 silly resolved        [Object],
38 silly resolved        [Object],
38 silly resolved        [Object],
38 silly resolved        [Object],
38 silly resolved        [Object],
38 silly resolved        [Object],
38 silly resolved        [Object],
38 silly resolved        [Object],
38 silly resolved        [Object],
38 silly resolved        [Object],
38 silly resolved        [Object],
38 silly resolved        [Object],
38 silly resolved        [Object],
38 silly resolved        [Object],
38 silly resolved        [Object],
38 silly resolved        [Object],
38 silly resolved        [Object],
38 silly resolved        [Object],
38 silly resolved        [Object],
38 silly resolved        [Object],
38 silly resolved        [Object],
38 silly resolved        [Object],
38 silly resolved        [Object],
38 silly resolved        [Object],
38 silly resolved        [Object],
38 silly resolved        [Object],
38 silly resolved        [Object],
38 silly resolved        [Object],
38 silly resolved        [Object],
38 silly resolved        [Object],
38 silly resolved        [Object],
38 silly resolved        [Object],
38 silly resolved        [Object],
38 silly resolved        [Object],
38 silly resolved        [Object],
38 silly resolved        [Object],
38 silly resolved        [Object],
38 silly resolved        [Object],
38 silly resolved        [Object],
38 silly resolved        [Object],
38 silly resolved        [Object],
38 silly resolved        [Object],
38 silly resolved        [Object],
38 silly resolved        [Object],
38 silly resolved        [Object],
38 silly resolved        [Object],
38 silly resolved        [Object],
38 silly resolved        [Object],
38 silly resolved        [Object],
38 silly resolved        [Object],
38 silly resolved        [Object],
38 silly resolved        [Object],
38 silly resolved        [Object],
38 silly resolved        [Object],
38 silly resolved        [Object],
38 silly resolved        [Object],
38 silly resolved        [Object],
38 silly resolved        [Object],
38 silly resolved        [Object],
38 silly resolved        [Object],
38 silly resolved        [Object],
38 silly resolved        [Object],
38 silly resolved        [Object],
38 silly resolved        [Object],
38 silly resolved        [Object],
38 silly resolved        [Object],
38 silly resolved        [Object],
38 silly resolved        [Object],
38 silly resolved        [Object],
38 silly resolved        [Object],
38 silly resolved        [Object],
38 silly resolved        [Object],
38 silly resolved        [Object],
38 silly resolved        [Object],
38 silly resolved        [Object],
38 silly resolved        [Object],
38 silly resolved        [Object],
38 silly resolved        [Object],
38 silly resolved        [Object],
38 silly resolved        [Object],
38 silly resolved        [Object],
38 silly resolved        [Object],
38 silly resolved        [Object],
38 silly resolved        [Object],
38 silly resolved        [Object],
38 silly resolved        [Object],
38 silly resolved        [Object],
38 silly resolved        [Object],
38 silly resolved        [Object],
38 silly resolved        [Object],
38 silly resolved        [Object],
38 silly resolved        [Object],
38 silly resolved        [Object],
38 silly resolved        [Object],
38 silly resolved        [Object],
38 silly resolved        [Object],
38 silly resolved        [Object],
38 silly resolved        [Object],
38 silly resolved        [Object],
38 silly resolved        [Object],
38 silly resolved        [Object],
38 silly resolved        [Object],
38 silly resolved        [Object],
38 silly resolved        [Object],
38 silly resolved        [Object],
38 silly resolved        [Object],
38 silly resolved        [Object],
38 silly resolved        [Object],
38 silly resolved        [Object],
38 silly resolved        [Object],
38 silly resolved        [Object],
38 silly resolved        [Object],
38 silly resolved        [Object],
38 silly resolved        [Object],
38 silly resolved        [Object],
38 silly resolved        [Object],
38 silly resolved        [Object],
38 silly resolved        [Object],
38 silly resolved        [Object],
38 silly resolved        [Object],
38 silly resolved        [Object],
38 silly resolved        [Object],
38 silly resolved        [Object],
38 silly resolved        [Object],
38 silly resolved        [Object],
38 silly resolved        [Object],
38 silly resolved        [Object],
38 silly resolved        [Object],
38 silly resolved        [Object],
38 silly resolved        [Object],
38 silly resolved        [Object],
38 silly resolved        [Object],
38 silly resolved        [Object],
38 silly resolved        [Object],
38 silly resolved        [Object],
38 silly resolved        [Object],
38 silly resolved        [Object],
38 silly resolved        [Object],
38 silly resolved        [Object],
38 silly resolved        [Object],
38 silly resolved        [Object],
38 silly resolved        [Object],
38 silly resolved        [Object],
38 silly resolved        [Object],
38 silly resolved        [Object],
38 silly resolved        [Object],
38 silly resolved        [Object],
38 silly resolved        [Object],
38 silly resolved        [Object],
38 silly resolved        [Object],
38 silly resolved        [Object],
38 silly resolved        [Object],
38 silly resolved        [Object],
38 silly resolved        [Object],
38 silly resolved        [Object],
38 silly resolved        [Object],
38 silly resolved        [Object],
38 silly resolved        [Object],
38 silly resolved        [Object],
38 silly resolved        [Object],
38 silly resolved        [Object],
38 silly resolved        [Object],
38 silly resolved        [Object],
38 silly resolved        [Object],
38 silly resolved        [Object],
38 silly resolved        [Object],
38 silly resolved        [Object],
38 silly resolved        [Object],
38 silly resolved        [Object],
38 silly resolved        [Object],
38 silly resolved        [Object],
38 silly resolved        [Object],
38 silly resolved        [Object],
38 silly resolved        [Object],
38 silly resolved        [Object],
38 silly resolved        [Object],
38 silly resolved        [Object],
38 silly resolved        [Object],
38 silly resolved        [Object],
38 silly resolved        [Object],
38 silly resolved        [Object],
38 silly resolved        [Object],
38 silly resolved        [Object],
38 silly resolved        [Object],
38 silly resolved        [Object],
38 silly resolved        [Object],
38 silly resolved        [Object],
38 silly resolved        [Object],
38 silly resolved        [Object],
38 silly resolved        [Object],
38 silly resolved        [Object],
38 silly resolved        [Object],
38 silly resolved        [Object],
38 silly resolved        [Object],
38 silly resolved        [Object],
38 silly resolved        [Object],
38 silly resolved        [Object],
38 silly resolved        [Object],
38 silly resolved        [Object],
38 silly resolved        [Object],
38 silly resolved        [Object],
38 silly resolved        [Object],
38 silly resolved        [Object],
38 silly resolved        [Object],
38 silly resolved        [Object],
38 silly resolved        [Object],
38 silly resolved        [Object],
38 silly resolved        [Object],
38 silly resolved        [Object],
38 silly resolved        [Object],
38 silly resolved        [Object],
38 silly resolved        [Object],
38 silly resolved        [Object],
38 silly resolved        [Object],
38 silly resolved        [Object],
38 silly resolved        [Object],
38 silly resolved        [Object],
38 silly resolved        [Object],
38 silly resolved        [Object],
38 silly resolved        [Object],
38 silly resolved        [Object],
38 silly resolved        [Object],
38 silly resolved        [Object],
38 silly resolved        [Object],
38 silly resolved        [Object],
38 silly resolved        [Object],
38 silly resolved        [Object],
38 silly resolved        [Object],
38 silly resolved        [Object],
38 silly resolved        [Object],
38 silly resolved        [Object],
38 silly resolved        [Object],
38 silly resolved        [Object],
38 silly resolved        [Object],
38 silly resolved        [Object],
38 silly resolved        [Object],
38 silly resolved        [Object],
38 silly resolved        [Object],
38 silly resolved        [Object],
38 silly resolved        [Object],
38 silly resolved        [Object],
38 silly resolved        [Object],
38 silly resolved        [Object],
38 silly resolved        [Object],
38 silly resolved        [Object],
38 silly resolved        [Object],
38 silly resolved        [Object],
38 silly resolved        [Object],
38 silly resolved        [Object],
38 silly resolved        [Object],
38 silly resolved        [Object],
38 silly resolved        [Object],
38 silly resolved        [Object],
38 silly resolved        [Object],
38 silly resolved        [Object],
38 silly resolved        [Object],
38 silly resolved        [Object],
38 silly resolved        [Object],
38 silly resolved        [Object],
38 silly resolved        [Object],
38 silly resolved        [Object],
38 silly resolved        [Object],
38 silly resolved        [Object],
38 silly resolved        [Object],
38 silly resolved        [Object],
38 silly resolved        [Object],
38 silly resolved        [Object],
38 silly resolved        [Object],
38 silly resolved        [Object],
38 silly resolved        [Object],
38 silly resolved        [Object],
38 silly resolved        [Object],
38 silly resolved        [Object],
38 silly resolved        [Object],
38 silly resolved        [Object],
38 silly resolved        [Object],
38 silly resolved        [Object],
38 silly resolved        [Object],
38 silly resolved        [Object],
38 silly resolved        [Object],
38 silly resolved        [Object],
38 silly resolved        [Object],
38 silly resolved        [Object],
38 silly resolved        [Object],
38 silly resolved        [Object],
38 silly resolved        [Object],
38 silly resolved        [Object],
38 silly resolved        [Object],
38 silly resolved        [Object],
38 silly resolved        [Object],
38 silly resolved        [Object],
38 silly resolved        [Object],
38 silly resolved        [Object],
38 silly resolved        [Object],
38 silly resolved        [Object],
38 silly resolved        [Object],
38 silly resolved        [Object],
38 silly resolved        [Object],
38 silly resolved        [Object],
38 silly resolved        [Object],
38 silly resolved        [Object],
38 silly resolved        [Object],
38 silly resolved        [Object],
38 silly resolved        [Object],
38 silly resolved        [Object],
38 silly resolved        [Object],
38 silly resolved        [Object],
38 silly resolved        [Object],
38 silly resolved        [Object],
38 silly resolved        [Object],
38 silly resolved        [Object],
38 silly resolved        [Object],
38 silly resolved        [Object],
38 silly resolved        [Object],
38 silly resolved        [Object],
38 silly resolved        [Object],
38 silly resolved        [Object],
38 silly resolved        [Object],
38 silly resolved        [Object],
38 silly resolved        [Object],
38 silly resolved        [Object],
38 silly resolved        [Object],
38 silly resolved        [Object],
38 silly resolved        [Object],
38 silly resolved        [Object],
38 silly resolved        [Object],
38 silly resolved        [Object],
38 silly resolved        [Object],
38 silly resolved        [Object],
38 silly resolved        [Object],
38 silly resolved        [Object],
38 silly resolved        [Object],
38 silly resolved        [Object],
38 silly resolved        [Object],
38 silly resolved        [Object],
38 silly resolved        [Object],
38 silly resolved        [Object],
38 silly resolved        [Object],
38 silly resolved        [Object],
38 silly resolved        [Object],
38 silly resolved        [Object],
38 silly resolved        [Object],
38 silly resolved        [Object],
38 silly resolved        [Object],
38 silly resolved        [Object],
38 silly resolved        [Object],
38 silly resolved        [Object],
38 silly resolved        [Object],
38 silly resolved        [Object],
38 silly resolved        [Object],
38 silly resolved        [Object],
38 silly resolved        [Object],
38 silly resolved        [Object],
38 silly resolved        [Object],
38 silly resolved        [Object],
38 silly resolved        [Object],
38 silly resolved        [Object],
38 silly resolved        [Object],
38 silly resolved        [Object],
38 silly resolved        [Object],
38 silly resolved        [Object],
38 silly resolved        [Object],
38 silly resolved        [Object],
38 silly resolved        [Object],
38 silly resolved        [Object],
38 silly resolved        [Object],
38 silly resolved        [Object],
38 silly resolved        [Object],
38 silly resolved        [Object],
38 silly resolved        [Object],
38 silly resolved        [Object],
38 silly resolved        [Object],
38 silly resolved        [Object],
38 silly resolved        [Object],
38 silly resolved        [Object],
38 silly resolved        [Object],
38 silly resolved        [Object],
38 silly resolved        [Object],
38 silly resolved        [Object],
38 silly resolved        [Object],
38 silly resolved        [Object],
38 silly resolved        [Object],
38 silly resolved        [Object],
38 silly resolved        [Object],
38 silly resolved        [Object],
38 silly resolved        [Object],
38 silly resolved        [Object],
38 silly resolved        [Object] ],
38 silly resolved     man:
38 silly resolved      [ '/Users/rebecca/code/release/npm-4/man/man1/npm-access.1',
38 silly resolved        '/Users/rebecca/code/release/npm-4/man/man1/npm-adduser.1',
38 silly resolved        '/Users/rebecca/code/release/npm-4/man/man1/npm-bin.1',
38 silly resolved        '/Users/rebecca/code/release/npm-4/man/man1/npm-bugs.1',
38 silly resolved        '/Users/rebecca/code/release/npm-4/man/man1/npm-build.1',
38 silly resolved        '/Users/rebecca/code/release/npm-4/man/man1/npm-bundle.1',
38 silly resolved        '/Users/rebecca/code/release/npm-4/man/man1/npm-cache.1',
38 silly resolved        '/Users/rebecca/code/release/npm-4/man/man1/npm-completion.1',
38 silly resolved        '/Users/rebecca/code/release/npm-4/man/man1/npm-config.1',
38 silly resolved        '/Users/rebecca/code/release/npm-4/man/man1/npm-dedupe.1',
38 silly resolved        '/Users/rebecca/code/release/npm-4/man/man1/npm-deprecate.1',
38 silly resolved        '/Users/rebecca/code/release/npm-4/man/man1/npm-dist-tag.1',
38 silly resolved        '/Users/rebecca/code/release/npm-4/man/man1/npm-docs.1',
38 silly resolved        '/Users/rebecca/code/release/npm-4/man/man1/npm-doctor.1',
38 silly resolved        '/Users/rebecca/code/release/npm-4/man/man1/npm-edit.1',
38 silly resolved        '/Users/rebecca/code/release/npm-4/man/man1/npm-explore.1',
38 silly resolved        '/Users/rebecca/code/release/npm-4/man/man1/npm-help-search.1',
38 silly resolved        '/Users/rebecca/code/release/npm-4/man/man1/npm-help.1',
38 silly resolved        '/Users/rebecca/code/release/npm-4/man/man1/npm-init.1',
38 silly resolved        '/Users/rebecca/code/release/npm-4/man/man1/npm-install-test.1',
38 silly resolved        '/Users/rebecca/code/release/npm-4/man/man1/npm-install.1',
38 silly resolved        '/Users/rebecca/code/release/npm-4/man/man1/npm-link.1',
38 silly resolved        '/Users/rebecca/code/release/npm-4/man/man1/npm-logout.1',
38 silly resolved        '/Users/rebecca/code/release/npm-4/man/man1/npm-ls.1',
38 silly resolved        '/Users/rebecca/code/release/npm-4/man/man1/npm-outdated.1',
38 silly resolved        '/Users/rebecca/code/release/npm-4/man/man1/npm-owner.1',
38 silly resolved        '/Users/rebecca/code/release/npm-4/man/man1/npm-pack.1',
38 silly resolved        '/Users/rebecca/code/release/npm-4/man/man1/npm-ping.1',
38 silly resolved        '/Users/rebecca/code/release/npm-4/man/man1/npm-prefix.1',
38 silly resolved        '/Users/rebecca/code/release/npm-4/man/man1/npm-prune.1',
38 silly resolved        '/Users/rebecca/code/release/npm-4/man/man1/npm-publish.1',
38 silly resolved        '/Users/rebecca/code/release/npm-4/man/man1/npm-README.1',
38 silly resolved        '/Users/rebecca/code/release/npm-4/man/man1/npm-rebuild.1',
38 silly resolved        '/Users/rebecca/code/release/npm-4/man/man1/npm-repo.1',
38 silly resolved        '/Users/rebecca/code/release/npm-4/man/man1/npm-restart.1',
38 silly resolved        '/Users/rebecca/code/release/npm-4/man/man1/npm-root.1',
38 silly resolved        '/Users/rebecca/code/release/npm-4/man/man1/npm-run-script.1',
38 silly resolved        '/Users/rebecca/code/release/npm-4/man/man1/npm-search.1',
38 silly resolved        '/Users/rebecca/code/release/npm-4/man/man1/npm-shrinkwrap.1',
38 silly resolved        '/Users/rebecca/code/release/npm-4/man/man1/npm-star.1',
38 silly resolved        '/Users/rebecca/code/release/npm-4/man/man1/npm-stars.1',
38 silly resolved        '/Users/rebecca/code/release/npm-4/man/man1/npm-start.1',
38 silly resolved        '/Users/rebecca/code/release/npm-4/man/man1/npm-stop.1',
38 silly resolved        '/Users/rebecca/code/release/npm-4/man/man1/npm-team.1',
38 silly resolved        '/Users/rebecca/code/release/npm-4/man/man1/npm-test.1',
38 silly resolved        '/Users/rebecca/code/release/npm-4/man/man1/npm-uninstall.1',
38 silly resolved        '/Users/rebecca/code/release/npm-4/man/man1/npm-unpublish.1',
38 silly resolved        '/Users/rebecca/code/release/npm-4/man/man1/npm-update.1',
38 silly resolved        '/Users/rebecca/code/release/npm-4/man/man1/npm-version.1',
38 silly resolved        '/Users/rebecca/code/release/npm-4/man/man1/npm-view.1',
38 silly resolved        '/Users/rebecca/code/release/npm-4/man/man1/npm-whoami.1',
38 silly resolved        '/Users/rebecca/code/release/npm-4/man/man1/npm.1',
38 silly resolved        '/Users/rebecca/code/release/npm-4/man/man5/npm-folders.5',
38 silly resolved        '/Users/rebecca/code/release/npm-4/man/man5/npm-global.5',
38 silly resolved        '/Users/rebecca/code/release/npm-4/man/man5/npm-json.5',
38 silly resolved        '/Users/rebecca/code/release/npm-4/man/man5/npmrc.5',
38 silly resolved        '/Users/rebecca/code/release/npm-4/man/man5/package.json.5',
38 silly resolved        '/Users/rebecca/code/release/npm-4/man/man7/npm-coding-style.7',
38 silly resolved        '/Users/rebecca/code/release/npm-4/man/man7/npm-config.7',
38 silly resolved        '/Users/rebecca/code/release/npm-4/man/man7/npm-developers.7',
38 silly resolved        '/Users/rebecca/code/release/npm-4/man/man7/npm-disputes.7',
38 silly resolved        '/Users/rebecca/code/release/npm-4/man/man7/npm-index.7',
38 silly resolved        '/Users/rebecca/code/release/npm-4/man/man7/npm-orgs.7',
38 silly resolved        '/Users/rebecca/code/release/npm-4/man/man7/npm-registry.7',
38 silly resolved        '/Users/rebecca/code/release/npm-4/man/man7/npm-scope.7',
38 silly resolved        '/Users/rebecca/code/release/npm-4/man/man7/npm-scripts.7',
38 silly resolved        '/Users/rebecca/code/release/npm-4/man/man7/removing-npm.7',
38 silly resolved        '/Users/rebecca/code/release/npm-4/man/man7/semver.7' ],
38 silly resolved     gitHead: '63468a65738547d730232196c094f19a8a383c99',
38 silly resolved     _id: 'npm@4.4.4',
38 silly resolved     _shasum: 'd5ec661923a06bcd6a6eec3d0433a9da3fd67e37',
38 silly resolved     _from: 'npm@4.4.4',
38 silly resolved     _npmVersion: '4.4.4',
38 silly resolved     _nodeVersion: '4.6.1',
38 silly resolved     _npmUser: { name: 'iarna', email: 'me@re-becca.org' },
38 silly resolved     dist:
38 silly resolved      { shasum: 'd5ec661923a06bcd6a6eec3d0433a9da3fd67e37',
38 silly resolved        tarball: 'https://registry.npmjs.org/npm/-/npm-4.4.4.tgz' },
38 silly resolved     maintainers: [ [Object], [Object], [Object], [Object] ],
38 silly resolved     _npmOperationalInternal:
38 silly resolved      { host: 'packages-18-east.internal.npmjs.com',
38 silly resolved        tmp: 'tmp/npm-4.4.4.tgz_1489708701646_0.7264432210940868' },
38 silly resolved     _resolved: 'https://registry.npmjs.org/npm/-/npm-4.4.4.tgz' } ]
39 info install npm@4.4.4 into /usr/local/lib
40 info installOne npm@4.4.4
41 verbose lib/node_modules/npm unbuild
42 info preuninstall npm@4.2.0
43 info uninstall npm@4.2.0
44 verbose true,/usr/local/lib/node_modules,/usr/local/lib/node_modules unbuild npm@4.2.0
45 verbose /usr/local/bin,[object Object] binRoot
46 verbose lib/node_modules/npm unbuild
47 info preuninstall npm@4.2.0
48 info uninstall npm@4.2.0
49 verbose true,/usr/local/lib/node_modules,/usr/local/lib/node_modules unbuild npm@4.2.0
50 verbose /usr/local/bin,[object Object] binRoot
51 error error rolling back Error: EACCES, unlink '/usr/local/bin/npm'
51 error error rolling back  npm@4.4.4 { [Error: EACCES, unlink '/usr/local/bin/npm'] errno: 3, code: 'EACCES', path: '/usr/local/bin/npm' }
52 error Error: EACCES, unlink '/usr/local/bin/npm'
52 error  { [Error: EACCES, unlink '/usr/local/bin/npm'] errno: 3, code: 'EACCES', path: '/usr/local/bin/npm' }
53 error Please try running this command again as root/Administrator.
54 error System Linux 4.2.0-16-generic
55 error command "/usr/bin/nodejs" "/usr/bin/npm" "update" "npm" "-g"
56 error cwd /home/peter/nodeprogs/ML.js
57 error node -v v0.10.25
58 error npm -v 1.4.21
59 error path /usr/local/bin/npm
60 error code EACCES
61 error errno 3
62 error stack Error: EACCES, unlink '/usr/local/bin/npm'
63 verbose exit [ 3, true ]
